<?xml version="1.0" encoding="UTF-8"?>
<!-- Generated by org.testng.reporters.JUnitReportReporter -->
<testsuite hostname="mukesh-Latitude-3410" failures="0" tests="1" name="com.test.Appium_learn.AppiumBasics" time="7.802" errors="0" timestamp="2025-01-21T11:24:34 IST" skipped="0">
  <testcase classname="com.test.Appium_learn.AppiumBasics" name="wifiSettingsName" time="7.802"/>
</testsuite> <!-- com.test.Appium_learn.AppiumBasics -->
