<?xml version="1.0" encoding="UTF-8"?>
<!-- Generated by org.testng.reporters.JUnitReportReporter -->
<testsuite hostname="mukesh-Latitude-3410" failures="0" tests="1" name="com.test.Appium_learn.LongPress" time="11.530" errors="0" timestamp="2025-01-24T14:58:23 IST" skipped="0">
  <testcase classname="com.test.Appium_learn.LongPress" name="longPress" time="11.530"/>
</testsuite> <!-- com.test.Appium_learn.LongPress -->
